[18:56:34] [ServerMain/INFO]: [bootstrap] Running Java 25 (OpenJDK 64-Bit Server VM 25.0.3+9-2-24.04.2-Ubuntu; Ubuntu null) on Linux 6.8.0-1052-azure (amd64)
[18:56:34] [ServerMain/INFO]: [bootstrap] Loading Paper 26.1.2-60-main@b4682bf (2026-05-04T06:25:04Z) for Minecraft 26.1.2
[18:56:34] [ServerMain/INFO]: [PluginInitializerManager] Initializing plugins...
[18:56:35] [ServerMain/INFO]: [PluginInitializerManager] Initialized 5 plugins
[18:56:35] [ServerMain/INFO]: [PluginInitializerManager] Bukkit plugins (5):
 - Essentials (2.22.0), GSit (3.4.2), Graves (4.9), LuckPerms (5.5.53), SkinsRestorer (15.12.3)
[18:56:40] [ServerMain/INFO]: Environment: Environment[sessionHost=https://sessionserver.mojang.com, servicesHost=https://api.minecraftservices.com, profilesHost=https://api.mojang.com, name=PROD]
[18:56:42] [ServerMain/INFO]: Loaded 1515 recipes
[18:56:42] [ServerMain/INFO]: Loaded 1617 advancements
[18:56:42] [ServerMain/INFO]: [ca.spottedleaf.dataconverter.minecraft.datatypes.MCTypeRegistry] Initialising converters for DataConverter...
[18:56:43] [ServerMain/INFO]: [ca.spottedleaf.dataconverter.minecraft.datatypes.MCTypeRegistry] Finished initialising converters for DataConverter in 458.8ms
[18:56:43] [Server thread/INFO]: Starting minecraft server version 26.1.2
[18:56:43] [Server thread/INFO]: Loading properties
[18:56:44] [Server thread/INFO]: This server is running Paper version 26.1.2-60-main@b4682bf (2026-05-04T06:25:04Z) (Implementing API version 26.1.2.build.60-stable)
[18:56:44] [Server thread/INFO]: [spark] This server bundles the spark profiler. For more information please visit https://docs.papermc.io/paper/profiling
[18:56:44] [Server thread/INFO]: Server Ping Player Sample Count: 12
[18:56:44] [Server thread/INFO]: Using 4 threads for Netty based IO
[18:56:45] [Server thread/INFO]: [MoonriseCommon] Paper is using 1 worker threads, 1 I/O threads
[18:56:45] [Server thread/INFO]: Default game type: SURVIVAL
[18:56:45] [Server thread/INFO]: Generating keypair
[18:56:45] [Server thread/INFO]: Starting Minecraft server on *:25565
[18:56:45] [Server thread/INFO]: Paper: Using libdeflate (Linux x86_64) compression from Velocity.
[18:56:45] [Server thread/INFO]: Paper: Using OpenSSL 3.x.x (Linux x86_64) cipher from Velocity.
[18:56:46] [Server thread/INFO]: [LuckPerms] Loading server plugin LuckPerms v5.5.53
[18:56:47] [Server thread/INFO]: [LuckPerms] Loading configuration...
[18:56:47] [Server thread/INFO]: [SkinsRestorer] Loading server plugin SkinsRestorer v15.12.3
[18:56:47] [Server thread/INFO]: [GSit] Loading server plugin GSit v3.4.2
[18:56:47] [Server thread/INFO]: [Graves] Loading server plugin Graves v4.9
[18:56:47] [Server thread/INFO]: [Essentials] Loading server plugin Essentials v2.22.0
[18:56:47] [Server thread/INFO]: Server permissions file permissions.yml is empty, ignoring it
[18:56:47] [Server thread/INFO]: [LuckPerms] Enabling LuckPerms v5.5.53
[18:56:47] [Server thread/INFO]:         __    
[18:56:47] [Server thread/INFO]:   |    |__)   LuckPerms v5.5.53
[18:56:47] [Server thread/INFO]:   |___ |      Running on Bukkit - Paper
[18:56:47] [Server thread/INFO]: 
[18:56:48] [Server thread/INFO]: [LuckPerms] Loading storage provider... [H2]
[18:56:48] [Server thread/INFO]: [LuckPerms] Loading internal permission managers...
[18:56:48] [Server thread/INFO]: [LuckPerms] Performing initial data load...
[18:56:48] [Server thread/INFO]: [LuckPerms] Successfully enabled. (took 1297ms)
[18:56:48] [Server thread/INFO]: [SkinsRestorer] Enabling SkinsRestorer v15.12.3
[18:56:50] [Server thread/INFO]: [SkinsRestorer] Running on Minecraft 26.1.2.
[18:56:50] [Server thread/INFO]: [SkinsRestorer] Using paper join listener!
[18:56:50] [Server thread/WARN]: **** SERVER IS RUNNING IN OFFLINE/INSECURE MODE!
[18:56:50] [Server thread/WARN]: The server will make no attempt to authenticate usernames. Beware.
[18:56:50] [Server thread/WARN]: While this makes the game possible to play without internet access, it also opens up the ability for hackers to connect with any username they choose.
[18:56:50] [Server thread/WARN]: To change this, set "online-mode" to "true" in the server.properties file.
[18:56:50] [Server thread/INFO]: Preparing level "world"
[18:56:50] [Folia Async Scheduler Thread #1/INFO]: [SkinsRestorer] ----------------------------------------------
[18:56:50] [Folia Async Scheduler Thread #1/INFO]: [SkinsRestorer]     +===================+
[18:56:50] [Folia Async Scheduler Thread #1/INFO]: [SkinsRestorer]     |   SkinsRestorer   |
[18:56:50] [Folia Async Scheduler Thread #1/INFO]: [SkinsRestorer]     |-------------------|
[18:56:50] [Folia Async Scheduler Thread #1/INFO]: [SkinsRestorer]     |  Standalone Mode  |
[18:56:50] [Folia Async Scheduler Thread #1/INFO]: [SkinsRestorer]     +===================+
[18:56:50] [Folia Async Scheduler Thread #1/INFO]: [SkinsRestorer] ----------------------------------------------
[18:56:50] [Folia Async Scheduler Thread #1/INFO]: [SkinsRestorer]     Version: 15.12.3
[18:56:50] [Folia Async Scheduler Thread #1/INFO]: [SkinsRestorer]     Commit: 03cc9fd
[18:56:50] [Folia Async Scheduler Thread #1/INFO]: [SkinsRestorer]     This is the latest version!
[18:56:50] [Folia Async Scheduler Thread #1/INFO]: [SkinsRestorer] ----------------------------------------------
[18:56:50] [Folia Async Scheduler Thread #1/INFO]: [SkinsRestorer] Do you have issues? Read our troubleshooting guide: https://skinsrestorer.net/docs/troubleshooting
[18:56:50] [Folia Async Scheduler Thread #1/INFO]: [SkinsRestorer] Want to support SkinsRestorer or receive priority support? Become a supporter: https://skinsrestorer.net/pricing
[18:56:51] [Server thread/INFO]: Loading 0 persistent chunks for level 'minecraft:overworld'...
[18:56:51] [Server thread/INFO]: Prepared spawn area in 1 ms
[18:56:51] [Server thread/INFO]: Loading 0 persistent chunks for level 'minecraft:the_nether'...
[18:56:51] [Server thread/INFO]: Prepared spawn area in 0 ms
[18:56:51] [Server thread/INFO]: Loading 0 persistent chunks for level 'minecraft:the_end'...
[18:56:51] [Server thread/INFO]: Prepared spawn area in 0 ms
[18:56:51] [Server thread/INFO]: Done preparing level "world" (0.521s)
[18:56:51] [Server thread/INFO]: [GSit] Enabling GSit v3.4.2
[18:56:51] [Server thread/INFO]: [GSit] The plugin was successfully enabled.
[18:56:51] [Server thread/INFO]: [Graves] Enabling Graves v4.9
[18:56:51] [Server thread/INFO]: [Graves] Integration: Hooked into MiniMessage.
[18:56:51] [Server thread/ERROR]: Error occurred while enabling Graves v4.9 (Is it up to date?)
java.lang.IllegalArgumentException: Unknown gamerule: keepInventory
	at org.bukkit.craftbukkit.CraftWorld.getGameRuleValue(CraftWorld.java:1659) ~[paper-26.1.2.jar:26.1.2-60-b4682bf]
	at Graves-4.9.jar//com.ranull.graves.manager.IntegrationManager.loadCompatibilityWarnings(IntegrationManager.java:540) ~[?:?]
	at Graves-4.9.jar//com.ranull.graves.manager.IntegrationManager.load(IntegrationManager.java:60) ~[?:?]
	at Graves-4.9.jar//com.ranull.graves.Graves.onEnable(Graves.java:64) ~[?:?]
	at org.bukkit.plugin.java.JavaPlugin.setEnabled(JavaPlugin.java:279) ~[paper-api-26.1.2.build.60-stable.jar:?]
	at io.papermc.paper.plugin.manager.PaperPluginInstanceManager.enablePlugin(PaperPluginInstanceManager.java:207) ~[paper-26.1.2.jar:26.1.2-60-b4682bf]
	at io.papermc.paper.plugin.manager.PaperPluginManagerImpl.enablePlugin(PaperPluginManagerImpl.java:109) ~[paper-26.1.2.jar:26.1.2-60-b4682bf]
	at org.bukkit.plugin.SimplePluginManager.enablePlugin(SimplePluginManager.java:520) ~[paper-api-26.1.2.build.60-stable.jar:?]
	at org.bukkit.craftbukkit.CraftServer.enablePlugin(CraftServer.java:637) ~[paper-26.1.2.jar:26.1.2-60-b4682bf]
	at org.bukkit.craftbukkit.CraftServer.enablePlugins(CraftServer.java:594) ~[paper-26.1.2.jar:26.1.2-60-b4682bf]
	at net.minecraft.server.MinecraftServer.initPostWorld(MinecraftServer.java:680) ~[paper-26.1.2.jar:26.1.2-60-b4682bf]
	at net.minecraft.server.dedicated.DedicatedServer.initServer(DedicatedServer.java:386) ~[paper-26.1.2.jar:26.1.2-60-b4682bf]
	at net.minecraft.server.MinecraftServer.runServer(MinecraftServer.java:1301) ~[paper-26.1.2.jar:26.1.2-60-b4682bf]
	at net.minecraft.server.MinecraftServer.lambda$spin$0(MinecraftServer.java:304) ~[paper-26.1.2.jar:26.1.2-60-b4682bf]
	at java.base/java.lang.Thread.run(Thread.java:1474) ~[?:?]
[18:56:51] [Server thread/INFO]: [Graves] Disabling Graves v4.9
[18:56:51] [Server thread/ERROR]: Error occurred while disabling Graves v4.9
java.lang.NullPointerException: Cannot invoke "com.ranull.graves.manager.DataManager.closeConnection()" because "this.dataManager" is null
	at Graves-4.9.jar//com.ranull.graves.Graves.onDisable(Graves.java:95) ~[?:?]
	at org.bukkit.plugin.java.JavaPlugin.setEnabled(JavaPlugin.java:285) ~[paper-api-26.1.2.build.60-stable.jar:?]
	at io.papermc.paper.plugin.manager.PaperPluginInstanceManager.disablePlugin(PaperPluginInstanceManager.java:242) ~[paper-26.1.2.jar:26.1.2-60-b4682bf]
	at io.papermc.paper.plugin.manager.PaperPluginManagerImpl.disablePlugin(PaperPluginManagerImpl.java:114) ~[paper-26.1.2.jar:26.1.2-60-b4682bf]
	at org.bukkit.plugin.SimplePluginManager.disablePlugin(SimplePluginManager.java:550) ~[paper-api-26.1.2.build.60-stable.jar:?]
	at io.papermc.paper.plugin.manager.PaperPluginInstanceManager.enablePlugin(PaperPluginInstanceManager.java:211) ~[paper-26.1.2.jar:26.1.2-60-b4682bf]
	at io.papermc.paper.plugin.manager.PaperPluginManagerImpl.enablePlugin(PaperPluginManagerImpl.java:109) ~[paper-26.1.2.jar:26.1.2-60-b4682bf]
	at org.bukkit.plugin.SimplePluginManager.enablePlugin(SimplePluginManager.java:520) ~[paper-api-26.1.2.build.60-stable.jar:?]
	at org.bukkit.craftbukkit.CraftServer.enablePlugin(CraftServer.java:637) ~[paper-26.1.2.jar:26.1.2-60-b4682bf]
	at org.bukkit.craftbukkit.CraftServer.enablePlugins(CraftServer.java:594) ~[paper-26.1.2.jar:26.1.2-60-b4682bf]
	at net.minecraft.server.MinecraftServer.initPostWorld(MinecraftServer.java:680) ~[paper-26.1.2.jar:26.1.2-60-b4682bf]
	at net.minecraft.server.dedicated.DedicatedServer.initServer(DedicatedServer.java:386) ~[paper-26.1.2.jar:26.1.2-60-b4682bf]
	at net.minecraft.server.MinecraftServer.runServer(MinecraftServer.java:1301) ~[paper-26.1.2.jar:26.1.2-60-b4682bf]
	at net.minecraft.server.MinecraftServer.lambda$spin$0(MinecraftServer.java:304) ~[paper-26.1.2.jar:26.1.2-60-b4682bf]
	at java.base/java.lang.Thread.run(Thread.java:1474) ~[?:?]
[18:56:51] [Server thread/INFO]: [Essentials] Enabling Essentials v2.22.0
[18:56:51] [Folia Async Scheduler Thread #3/INFO]: [GSit] New version available: 3.5.1! Current version: 3.4.2! Download the latest version: https://modrinth.com/plugin/gsit
[18:56:51] [Server thread/INFO]: [Essentials] Attempting to convert old kits in config.yml to new kits.yml
[18:56:51] [Server thread/INFO]: [Essentials] No kits found to migrate.
[18:56:52] [Server thread/INFO]: [Essentials] Selected 1.11+ Item Unbreakable Provider as the provider for ItemUnbreakableProvider
[18:56:52] [Server thread/INFO]: [Essentials] Selected Paper Known Commands Provider as the provider for KnownCommandsProvider
[18:56:52] [Server thread/INFO]: [Essentials] Selected 1.12.2+ Player Locale Provider as the provider for PlayerLocaleProvider
[18:56:52] [Server thread/INFO]: [Essentials] Selected 1.14.4+ Persistent Data Container Provider as the provider for PersistentDataProvider
[18:56:52] [Server thread/INFO]: [Essentials] Selected Paper Serialization Provider as the provider for SerializationProvider
[18:56:52] [Server thread/INFO]: [Essentials] Selected Paper Server State Provider as the provider for ServerStateProvider
[18:56:52] [Server thread/INFO]: [Essentials] Selected 1.20.5+ Banner Data Provider as the provider for BannerDataProvider
[18:56:52] [Server thread/INFO]: [Essentials] Selected Paper Material Tag Provider as the provider for MaterialTagProvider
[18:56:52] [Server thread/INFO]: [Essentials] Selected Paper Biome Key Provider as the provider for BiomeKeyProvider
[18:56:52] [Server thread/INFO]: [Essentials] Selected Paper Container Provider as the provider for ContainerProvider
[18:56:52] [Server thread/INFO]: [Essentials] Selected 1.20.6+ Potion Meta Provider as the provider for PotionMetaProvider
[18:56:52] [Server thread/INFO]: [Essentials] Selected 1.12+ Spawner Block Provider as the provider for SpawnerBlockProvider
[18:56:52] [Server thread/INFO]: [Essentials] Selected Paper 1.13+ Tile Entity Provider as the provider for TileEntityProvider
[18:56:52] [Server thread/INFO]: [Essentials] Selected Legacy Biome Name Provider as the provider for BiomeNameProvider
[18:56:52] [Server thread/INFO]: [Essentials] Selected 1.20.4+ Damage Event Provider as the provider for DamageEventProvider
[18:56:52] [Server thread/INFO]: [Essentials] Selected 1.17.1+ World Info Provider as the provider for WorldInfoProvider
[18:56:52] [Server thread/INFO]: [Essentials] Selected 1.8.3+ Spawner Item Provider as the provider for SpawnerItemProvider
[18:56:52] [Server thread/INFO]: [Essentials] Selected 1.13+ Spawn Egg Provider as the provider for SpawnEggProvider
[18:56:52] [Server thread/INFO]: [Essentials] Selected 1.21+ InventoryView Interface ABI Provider as the provider for InventoryViewProvider
[18:56:52] [Server thread/INFO]: [Essentials] Selected Reflection Online Mode Provider as the provider for OnlineModeProvider
[18:56:52] [Server thread/INFO]: [Essentials] Selected Reflection Formatted Command Alias Provider as the provider for FormattedCommandAliasProvider
[18:56:52] [Server thread/INFO]: [Essentials] Selected 1.21.4+ Sync Commands Provider as the provider for SyncCommandsProvider
[18:56:52] [Server thread/INFO]: [Essentials] Selected 1.14+ Sign Data Provider as the provider for SignDataProvider
[18:56:52] [Server thread/INFO]: [Essentials] Selected Paper Tick Count Provider as the provider for TickCountProvider
[18:56:52] [Server thread/INFO]: [Essentials] Loaded 46312 items from items.json.
[18:56:52] [Server thread/INFO]: [Essentials] Using locale en
[18:56:52] [Server thread/INFO]: [Essentials] ServerListPingEvent: Spigot iterator API
[18:56:52] [Server thread/INFO]: [Essentials] Starting Metrics. Opt-out using the global bStats config.
[18:56:52] [Server thread/WARN]: [Essentials] Detected supported permissions plugin LuckPerms without Vault installed.
[18:56:52] [Server thread/WARN]: [Essentials] Features such as chat prefixes/suffixes and group-related functionality will not work until you install Vault.
[18:56:52] [Server thread/INFO]: [Essentials] Using superperms-based permissions.
[18:56:53] [Server thread/INFO]: [spark] Starting background profiler...
[18:56:54] [Server thread/INFO]: Saving chunks for level 'ServerLevel[world]'/minecraft:overworld
[18:56:54] [Server thread/INFO]: Saving chunks for level 'ServerLevel[world]'/minecraft:the_nether
[18:56:54] [Server thread/INFO]: Saving chunks for level 'ServerLevel[world]'/minecraft:the_end
[18:56:54] [Server thread/INFO]: ThreadedAnvilChunkStorage (world): All chunks are saved
[18:56:54] [Server thread/INFO]: ThreadedAnvilChunkStorage (DIM-1): All chunks are saved
[18:56:54] [Server thread/INFO]: ThreadedAnvilChunkStorage (DIM1): All chunks are saved
[18:56:54] [Server thread/INFO]: ThreadedAnvilChunkStorage: All dimensions are saved
[18:56:54] [Server thread/INFO]: Running delayed init tasks
[18:56:54] [Craft Scheduler Thread - 3 - Essentials/INFO]: [Essentials] Fetching version information...
[18:56:54] [Server thread/INFO]: Done (21.463s)! For help, type "help"
[18:56:54] [Paper Async Task Handler Thread - 1/INFO]: *** Currently you are 12 build(s) behind ***
[18:56:54] [Paper Async Task Handler Thread - 1/INFO]: *** It is highly recommended to download the latest build from https://papermc.io/downloads/paper ***
[18:58:31] [User Authenticator #0/INFO]: UUID of player Gatomomos is cffbe749-d456-3312-a5b1-d3e4141d0d6d
[18:58:31] [Server thread/INFO]: [HorriblePlayerLoginEventHack] You have plugins listening to the PlayerLoginEvent, this will cause re-configuration APIs to be unavailable: [LuckPerms]
[18:58:38] [Server thread/INFO]: Gatomomos joined the game
[18:58:38] [Server thread/INFO]: Gatomomos[/10.119.209.135:53182] logged in with entity id 1 at ([minecraft:overworld]117.57720107808791, 64.0, -227.06737608502874)
[19:00:01] [User Authenticator #1/INFO]: UUID of player Manuelito79_0 is 08434a6a-4410-385c-85ab-48b36c7ad861
[19:00:03] [Server thread/INFO]: Manuelito79_0 joined the game
[19:00:03] [Server thread/INFO]: Manuelito79_0[/10.119.209.96:51896] logged in with entity id 276 at ([minecraft:overworld]73.11932200483135, 72.7531999805212, -1492.6170548376892)
[19:00:23] [Server thread/INFO]: Manuelito79_0 issued server command: /home de
[19:00:40] [Server thread/INFO]: Gatomomos has made the advancement [Cover Me with Diamonds]
[19:02:24] [Server thread/INFO]: Manuelito79_0 issued server command: /home jorge
[19:04:19] [Server thread/INFO]: Gatomomos lost connection: Disconnected
[19:04:19] [Server thread/INFO]: Gatomomos left the game
[19:05:44] [Server thread/INFO]: Manuelito79_0 issued server command: /home de
